<?xml version="1.0" encoding="utf-8"?><testsuites name="pytest tests"><testsuite name="pytest" errors="0" failures="0" skipped="1" tests="3" time="0.970" timestamp="2026-06-29T09:20:32.949044+00:00" hostname="agent-env-17d422bd-d73f-48a6-8ef6-c06cd2f5746f"><testcase classname="tests.test_frontend_e2e" name="test_frontend_e2e_flow" time="0.000"><skipped type="pytest.skip" message="playwright library is not installed in this environment">/app/backend/tests/test_frontend_e2e.py:32: playwright library is not installed in this environment</skipped></testcase><testcase classname="tests.test_interpreter_api" name="test_root_endpoint" time="0.156" /><testcase classname="tests.test_interpreter_api" name="test_status_check_creation_and_persistence" time="0.277" /></testsuite></testsuites>